
(evince:8650): Gtk-CRITICAL **: 00:09:26.221: gtk_widget_get_mapped: assertion 'GTK_IS_WIDGET (widget)' failed

(evince:8650): Gdk-CRITICAL **: 00:09:26.222: gdk_window_is_visible: assertion 'GDK_IS_WINDOW (window)' failed

(evince:8650): Gdk-CRITICAL **: 00:09:26.222: gdk_window_show_internal: assertion 'GDK_IS_WINDOW (window)' failed

(evince:8650): Gtk-CRITICAL **: 00:09:26.222: gtk_widget_set_opacity: assertion 'GTK_IS_WIDGET (widget)' failed

(evince:8650): Gtk-CRITICAL **: 00:09:26.222: gtk_widget_queue_draw: assertion 'GTK_IS_WIDGET (widget)' failed

(evince:8650): Gtk-CRITICAL **: 00:09:28.724: gtk_widget_get_mapped: assertion 'GTK_IS_WIDGET (widget)' failed

(evince:8650): Gdk-CRITICAL **: 00:09:28.725: gdk_window_is_visible: assertion 'GDK_IS_WINDOW (window)' failed

(evince:8650): Gtk-CRITICAL **: 00:09:28.725: gtk_widget_set_opacity: assertion 'GTK_IS_WIDGET (widget)' failed

(evince:8650): Gtk-CRITICAL **: 00:09:28.725: gtk_widget_queue_draw: assertion 'GTK_IS_WIDGET (widget)' failed

(evince:8650): Gtk-CRITICAL **: 00:10:06.697: gtk_widget_get_mapped: assertion 'GTK_IS_WIDGET (widget)' failed

(evince:8650): Gdk-CRITICAL **: 00:10:06.697: gdk_window_is_visible: assertion 'GDK_IS_WINDOW (window)' failed

(evince:8650): Gdk-CRITICAL **: 00:10:06.698: gdk_window_show_internal: assertion 'GDK_IS_WINDOW (window)' failed

(evince:8650): Gtk-CRITICAL **: 00:10:06.698: gtk_widget_set_opacity: assertion 'GTK_IS_WIDGET (widget)' failed

(evince:8650): Gtk-CRITICAL **: 00:10:06.698: gtk_widget_queue_draw: assertion 'GTK_IS_WIDGET (widget)' failed

(evince:8650): Gtk-CRITICAL **: 00:10:09.200: gtk_widget_get_mapped: assertion 'GTK_IS_WIDGET (widget)' failed

(evince:8650): Gdk-CRITICAL **: 00:10:09.201: gdk_window_is_visible: assertion 'GDK_IS_WINDOW (window)' failed

(evince:8650): Gtk-CRITICAL **: 00:10:09.201: gtk_widget_set_opacity: assertion 'GTK_IS_WIDGET (widget)' failed

(evince:8650): Gtk-CRITICAL **: 00:10:09.201: gtk_widget_queue_draw: assertion 'GTK_IS_WIDGET (widget)' failed

(evince:8650): Gtk-CRITICAL **: 01:01:02.968: gtk_widget_get_mapped: assertion 'GTK_IS_WIDGET (widget)' failed

(evince:8650): Gdk-CRITICAL **: 01:01:02.968: gdk_window_is_visible: assertion 'GDK_IS_WINDOW (window)' failed

(evince:8650): Gdk-CRITICAL **: 01:01:02.968: gdk_window_show_internal: assertion 'GDK_IS_WINDOW (window)' failed

(evince:8650): Gtk-CRITICAL **: 01:01:02.968: gtk_widget_set_opacity: assertion 'GTK_IS_WIDGET (widget)' failed

(evince:8650): Gtk-CRITICAL **: 01:01:02.968: gtk_widget_queue_draw: assertion 'GTK_IS_WIDGET (widget)' failed

(evince:8650): Gtk-CRITICAL **: 01:01:05.470: gtk_widget_get_mapped: assertion 'GTK_IS_WIDGET (widget)' failed

(evince:8650): Gdk-CRITICAL **: 01:01:05.470: gdk_window_is_visible: assertion 'GDK_IS_WINDOW (window)' failed

(evince:8650): Gtk-CRITICAL **: 01:01:05.470: gtk_widget_set_opacity: assertion 'GTK_IS_WIDGET (widget)' failed

(evince:8650): Gtk-CRITICAL **: 01:01:05.470: gtk_widget_queue_draw: assertion 'GTK_IS_WIDGET (widget)' failed
